# JRE version: Java(TM) SE Runtime Environment (8.0_40-b26) (build 1.8.0_40-b26)
# Java VM: Java HotSpot(TM) 64-Bit Server VM (25.40-b25 mixed mode windows-amd64 compressed oops)
Heap:
 PSYoungGen      total 305664K, used 82928K [0x00000000eab00000, 0x00000000ffb00000, 0x0000000100000000)
  eden space 271360K, 30% used [0x00000000eab00000,0x00000000efbfc330,0x00000000fb400000)
  from space 34304K, 0% used [0x00000000fd980000,0x00000000fd980000,0x00000000ffb00000)
  to   space 36352K, 0% used [0x00000000fb400000,0x00000000fb400000,0x00000000fd780000)
 ParOldGen       total 128000K, used 66826K [0x00000000c0000000, 0x00000000c7d00000, 0x00000000eab00000)
  object space 128000K, 52% used [0x00000000c0000000,0x00000000c4142a20,0x00000000c7d00000)
 Metaspace       used 80879K, capacity 84698K, committed 84992K, reserved 1124352K
  class space    used 9952K, capacity 10700K, committed 10752K, reserved 1048576K
GC Heap History (10 events):
Event: 8489.113 GC heap before
{Heap before GC invocations=50 (full 13):
 PSYoungGen      total 302592K, used 259584K [0x00000000eab00000, 0x00000000ffd80000, 0x0000000100000000)
  eden space 259584K, 100% used [0x00000000eab00000,0x00000000fa880000,0x00000000fa880000)
  from space 43008K, 0% used [0x00000000fd380000,0x00000000fd380000,0x00000000ffd80000)
  to   space 43520K, 0% used [0x00000000fa880000,0x00000000fa880000,0x00000000fd300000)
 ParOldGen       total 128000K, used 64080K [0x00000000c0000000, 0x00000000c7d00000, 0x00000000eab00000)
  object space 128000K, 50% used [0x00000000c0000000,0x00000000c3e94130,0x00000000c7d00000)
 Metaspace       used 80111K, capacity 83706K, committed 84480K, reserved 1122304K
  class space    used 9884K, capacity 10609K, committed 10752K, reserved 1048576K
Event: 8489.123 GC heap after
Heap after GC invocations=50 (full 13):
 PSYoungGen      total 303104K, used 5296K [0x00000000eab00000, 0x00000000ffe80000, 0x0000000100000000)
  eden space 259584K, 0% used [0x00000000eab00000,0x00000000eab00000,0x00000000fa880000)
  from space 43520K, 12% used [0x00000000fa880000,0x00000000fadac388,0x00000000fd300000)
  to   space 42496K, 0% used [0x00000000fd500000,0x00000000fd500000,0x00000000ffe80000)
 ParOldGen       total 128000K, used 64088K [0x00000000c0000000, 0x00000000c7d00000, 0x00000000eab00000)
  object space 128000K, 50% used [0x00000000c0000000,0x00000000c3e96130,0x00000000c7d00000)
 Metaspace       used 80111K, capacity 83706K, committed 84480K, reserved 1122304K
  class space    used 9884K, capacity 10609K, committed 10752K, reserved 1048576K
}
Event: 8493.061 GC heap before
{Heap before GC invocations=51 (full 13):
 PSYoungGen      total 303104K, used 264880K [0x00000000eab00000, 0x00000000ffe80000, 0x0000000100000000)
  eden space 259584K, 100% used [0x00000000eab00000,0x00000000fa880000,0x00000000fa880000)
  from space 43520K, 12% used [0x00000000fa880000,0x00000000fadac388,0x00000000fd300000)
  to   space 42496K, 0% used [0x00000000fd500000,0x00000000fd500000,0x00000000ffe80000)
 ParOldGen       total 128000K, used 64088K [0x00000000c0000000, 0x00000000c7d00000, 0x00000000eab00000)
  object space 128000K, 50% used [0x00000000c0000000,0x00000000c3e96130,0x00000000c7d00000)
 Metaspace       used 80533K, capacity 84286K, committed 84736K, reserved 1124352K
  class space    used 9915K, capacity 10663K, committed 10752K, reserved 1048576K
Event: 8493.081 GC heap after
Heap after GC invocations=51 (full 13):
 PSYoungGen      total 301056K, used 13920K [0x00000000eab00000, 0x00000000ffa00000, 0x0000000100000000)
  eden space 263168K, 0% used [0x00000000eab00000,0x00000000eab00000,0x00000000fac00000)
  from space 37888K, 36% used [0x00000000fd500000,0x00000000fe298398,0x00000000ffa00000)
  to   space 39936K, 0% used [0x00000000fac00000,0x00000000fac00000,0x00000000fd300000)
 ParOldGen       total 128000K, used 64096K [0x00000000c0000000, 0x00000000c7d00000, 0x00000000eab00000)
  object space 128000K, 50% used [0x00000000c0000000,0x00000000c3e98130,0x00000000c7d00000)
 Metaspace       used 80533K, capacity 84286K, committed 84736K, reserved 1124352K
  class space    used 9915K, capacity 10663K, committed 10752K, reserved 1048576K
}
Event: 8494.912 GC heap before
{Heap before GC invocations=52 (full 13):
 PSYoungGen      total 301056K, used 277088K [0x00000000eab00000, 0x00000000ffa00000, 0x0000000100000000)
  eden space 263168K, 100% used [0x00000000eab00000,0x00000000fac00000,0x00000000fac00000)
  from space 37888K, 36% used [0x00000000fd500000,0x00000000fe298398,0x00000000ffa00000)
  to   space 39936K, 0% used [0x00000000fac00000,0x00000000fac00000,0x00000000fd300000)
 ParOldGen       total 128000K, used 64096K [0x00000000c0000000, 0x00000000c7d00000, 0x00000000eab00000)
  object space 128000K, 50% used [0x00000000c0000000,0x00000000c3e98130,0x00000000c7d00000)
 Metaspace       used 80814K, capacity 84616K, committed 84992K, reserved 1124352K
  class space    used 9943K, capacity 10693K, committed 10752K, reserved 1048576K
Event: 8494.929 GC heap after
Heap after GC invocations=52 (full 13):
 PSYoungGen      total 303104K, used 11730K [0x00000000eab00000, 0x00000000fff00000, 0x0000000100000000)
  eden space 263168K, 0% used [0x00000000eab00000,0x00000000eab00000,0x00000000fac00000)
  from space 39936K, 29% used [0x00000000fac00000,0x00000000fb774b50,0x00000000fd300000)
  to   space 38400K, 0% used [0x00000000fd980000,0x00000000fd980000,0x00000000fff00000)
 ParOldGen       total 128000K, used 64104K [0x00000000c0000000, 0x00000000c7d00000, 0x00000000eab00000)
  object space 128000K, 50% used [0x00000000c0000000,0x00000000c3e9a130,0x00000000c7d00000)
 Metaspace       used 80814K, capacity 84616K, committed 84992K, reserved 1124352K
  class space    used 9943K, capacity 10693K, committed 10752K, reserved 1048576K
}
Event: 8498.744 GC heap before
{Heap before GC invocations=53 (full 13):
 PSYoungGen      total 303104K, used 182370K [0x00000000eab00000, 0x00000000fff00000, 0x0000000100000000)
  eden space 263168K, 64% used [0x00000000eab00000,0x00000000f51a3cc8,0x00000000fac00000)
  from space 39936K, 29% used [0x00000000fac00000,0x00000000fb774b50,0x00000000fd300000)
  to   space 38400K, 0% used [0x00000000fd980000,0x00000000fd980000,0x00000000fff00000)
 ParOldGen       total 128000K, used 64104K [0x00000000c0000000, 0x00000000c7d00000, 0x00000000eab00000)
  object space 128000K, 50% used [0x00000000c0000000,0x00000000c3e9a130,0x00000000c7d00000)
 Metaspace       used 80847K, capacity 84646K, committed 84992K, reserved 1124352K
  class space    used 9949K, capacity 10701K, committed 10752K, reserved 1048576K
Event: 8498.768 GC heap after
Heap after GC invocations=53 (full 13):
 PSYoungGen      total 305664K, used 11321K [0x00000000eab00000, 0x00000000ffb00000, 0x0000000100000000)
  eden space 271360K, 0% used [0x00000000eab00000,0x00000000eab00000,0x00000000fb400000)
  from space 34304K, 33% used [0x00000000fd980000,0x00000000fe48e588,0x00000000ffb00000)
  to   space 36352K, 0% used [0x00000000fb400000,0x00000000fb400000,0x00000000fd780000)
 ParOldGen       total 128000K, used 64112K [0x00000000c0000000, 0x00000000c7d00000, 0x00000000eab00000)
  object space 128000K, 50% used [0x00000000c0000000,0x00000000c3e9c130,0x00000000c7d00000)
 Metaspace       used 80847K, capacity 84646K, committed 84992K, reserved 1124352K
  class space    used 9949K, capacity 10701K, committed 10752K, reserved 1048576K
}
Event: 8498.768 GC heap before
{Heap before GC invocations=54 (full 14):
 PSYoungGen      total 305664K, used 11321K [0x00000000eab00000, 0x00000000ffb00000, 0x0000000100000000)
  eden space 271360K, 0% used [0x00000000eab00000,0x00000000eab00000,0x00000000fb400000)
  from space 34304K, 33% used [0x00000000fd980000,0x00000000fe48e588,0x00000000ffb00000)
  to   space 36352K, 0% used [0x00000000fb400000,0x00000000fb400000,0x00000000fd780000)
 ParOldGen       total 128000K, used 64112K [0x00000000c0000000, 0x00000000c7d00000, 0x00000000eab00000)
  object space 128000K, 50% used [0x00000000c0000000,0x00000000c3e9c130,0x00000000c7d00000)
 Metaspace       used 80847K, capacity 84646K, committed 84992K, reserved 1124352K
  class space    used 9949K, capacity 10701K, committed 10752K, reserved 1048576K
Event: 8500.356 GC heap after
Heap after GC invocations=54 (full 14):
 PSYoungGen      total 305664K, used 0K [0x00000000eab00000, 0x00000000ffb00000, 0x0000000100000000)
  eden space 271360K, 0% used [0x00000000eab00000,0x00000000eab00000,0x00000000fb400000)
  from space 34304K, 0% used [0x00000000fd980000,0x00000000fd980000,0x00000000ffb00000)
  to   space 36352K, 0% used [0x00000000fb400000,0x00000000fb400000,0x00000000fd780000)
 ParOldGen       total 128000K, used 66826K [0x00000000c0000000, 0x00000000c7d00000, 0x00000000eab00000)
  object space 128000K, 52% used [0x00000000c0000000,0x00000000c4142a20,0x00000000c7d00000)
 Metaspace       used 80812K, capacity 84586K, committed 84992K, reserved 1124352K
  class space    used 9942K, capacity 10688K, committed 10752K, reserved 1048576K
}

