# JRE version: Java(TM) SE Runtime Environment (8.0_40-b26) (build 1.8.0_40-b26)
# Java VM: Java HotSpot(TM) 64-Bit Server VM (25.40-b25 mixed mode windows-amd64 compressed oops)
Heap:
 PSYoungGen      total 188416K, used 152813K [0x00000000eab00000, 0x00000000f8a00000, 0x0000000100000000)
  eden space 159232K, 91% used [0x00000000eab00000,0x00000000f38d76c0,0x00000000f4680000)
  from space 29184K, 25% used [0x00000000f4680000,0x00000000f4de4010,0x00000000f6300000)
  to   space 28672K, 0% used [0x00000000f6e00000,0x00000000f6e00000,0x00000000f8a00000)
 ParOldGen       total 65536K, used 41933K [0x00000000c0000000, 0x00000000c4000000, 0x00000000eab00000)
  object space 65536K, 63% used [0x00000000c0000000,0x00000000c28f3658,0x00000000c4000000)
 Metaspace       used 55198K, capacity 56616K, committed 56704K, reserved 1097728K
  class space    used 7376K, capacity 7725K, committed 7808K, reserved 1048576K
GC Heap History (10 events):
Event: 46.215 GC heap before
{Heap before GC invocations=18 (full 2):
 PSYoungGen      total 149504K, used 149481K [0x00000000eab00000, 0x00000000f6d80000, 0x0000000100000000)
  eden space 129024K, 100% used [0x00000000eab00000,0x00000000f2900000,0x00000000f2900000)
  from space 20480K, 99% used [0x00000000f2900000,0x00000000f3cfa568,0x00000000f3d00000)
  to   space 26112K, 0% used [0x00000000f5400000,0x00000000f5400000,0x00000000f6d80000)
 ParOldGen       total 65536K, used 37350K [0x00000000c0000000, 0x00000000c4000000, 0x00000000eab00000)
  object space 65536K, 56% used [0x00000000c0000000,0x00000000c2479858,0x00000000c4000000)
 Metaspace       used 47984K, capacity 49016K, committed 49152K, reserved 1091584K
  class space    used 6549K, capacity 6867K, committed 6912K, reserved 1048576K
Event: 46.356 GC heap after
Heap after GC invocations=18 (full 2):
 PSYoungGen      total 172544K, used 15944K [0x00000000eab00000, 0x00000000f7180000, 0x0000000100000000)
  eden space 146432K, 0% used [0x00000000eab00000,0x00000000eab00000,0x00000000f3a00000)
  from space 26112K, 61% used [0x00000000f5400000,0x00000000f63922b0,0x00000000f6d80000)
  to   space 26624K, 0% used [0x00000000f3a00000,0x00000000f3a00000,0x00000000f5400000)
 ParOldGen       total 65536K, used 43091K [0x00000000c0000000, 0x00000000c4000000, 0x00000000eab00000)
  object space 65536K, 65% used [0x00000000c0000000,0x00000000c2a14e40,0x00000000c4000000)
 Metaspace       used 47984K, capacity 49016K, committed 49152K, reserved 1091584K
  class space    used 6549K, capacity 6867K, committed 6912K, reserved 1048576K
}
Event: 54.865 GC heap before
{Heap before GC invocations=19 (full 2):
 PSYoungGen      total 172544K, used 162376K [0x00000000eab00000, 0x00000000f7180000, 0x0000000100000000)
  eden space 146432K, 100% used [0x00000000eab00000,0x00000000f3a00000,0x00000000f3a00000)
  from space 26112K, 61% used [0x00000000f5400000,0x00000000f63922b0,0x00000000f6d80000)
  to   space 26624K, 0% used [0x00000000f3a00000,0x00000000f3a00000,0x00000000f5400000)
 ParOldGen       total 65536K, used 43091K [0x00000000c0000000, 0x00000000c4000000, 0x00000000eab00000)
  object space 65536K, 65% used [0x00000000c0000000,0x00000000c2a14e40,0x00000000c4000000)
 Metaspace       used 54414K, capacity 55604K, committed 55808K, reserved 1097728K
  class space    used 7326K, capacity 7659K, committed 7680K, reserved 1048576K
Event: 54.907 GC heap after
Heap after GC invocations=19 (full 2):
 PSYoungGen      total 173056K, used 20436K [0x00000000eab00000, 0x00000000f7e80000, 0x0000000100000000)
  eden space 146432K, 0% used [0x00000000eab00000,0x00000000eab00000,0x00000000f3a00000)
  from space 26624K, 76% used [0x00000000f3a00000,0x00000000f4df53d8,0x00000000f5400000)
  to   space 28160K, 0% used [0x00000000f6300000,0x00000000f6300000,0x00000000f7e80000)
 ParOldGen       total 65536K, used 43099K [0x00000000c0000000, 0x00000000c4000000, 0x00000000eab00000)
  object space 65536K, 65% used [0x00000000c0000000,0x00000000c2a16e40,0x00000000c4000000)
 Metaspace       used 54414K, capacity 55604K, committed 55808K, reserved 1097728K
  class space    used 7326K, capacity 7659K, committed 7680K, reserved 1048576K
}
Event: 54.934 GC heap before
{Heap before GC invocations=20 (full 2):
 PSYoungGen      total 173056K, used 24105K [0x00000000eab00000, 0x00000000f7e80000, 0x0000000100000000)
  eden space 146432K, 2% used [0x00000000eab00000,0x00000000eae95380,0x00000000f3a00000)
  from space 26624K, 76% used [0x00000000f3a00000,0x00000000f4df53d8,0x00000000f5400000)
  to   space 28160K, 0% used [0x00000000f6300000,0x00000000f6300000,0x00000000f7e80000)
 ParOldGen       total 65536K, used 43099K [0x00000000c0000000, 0x00000000c4000000, 0x00000000eab00000)
  object space 65536K, 65% used [0x00000000c0000000,0x00000000c2a16e40,0x00000000c4000000)
 Metaspace       used 54416K, capacity 55604K, committed 55808K, reserved 1097728K
  class space    used 7326K, capacity 7659K, committed 7680K, reserved 1048576K
Event: 54.986 GC heap after
Heap after GC invocations=20 (full 2):
 PSYoungGen      total 187392K, used 18898K [0x00000000eab00000, 0x00000000f8080000, 0x0000000100000000)
  eden space 159232K, 0% used [0x00000000eab00000,0x00000000eab00000,0x00000000f4680000)
  from space 28160K, 67% used [0x00000000f6300000,0x00000000f7574850,0x00000000f7e80000)
  to   space 29184K, 0% used [0x00000000f4680000,0x00000000f4680000,0x00000000f6300000)
 ParOldGen       total 65536K, used 43107K [0x00000000c0000000, 0x00000000c4000000, 0x00000000eab00000)
  object space 65536K, 65% used [0x00000000c0000000,0x00000000c2a18e40,0x00000000c4000000)
 Metaspace       used 54416K, capacity 55604K, committed 55808K, reserved 1097728K
  class space    used 7326K, capacity 7659K, committed 7680K, reserved 1048576K
}
Event: 54.987 GC heap before
{Heap before GC invocations=21 (full 3):
 PSYoungGen      total 187392K, used 18898K [0x00000000eab00000, 0x00000000f8080000, 0x0000000100000000)
  eden space 159232K, 0% used [0x00000000eab00000,0x00000000eab00000,0x00000000f4680000)
  from space 28160K, 67% used [0x00000000f6300000,0x00000000f7574850,0x00000000f7e80000)
  to   space 29184K, 0% used [0x00000000f4680000,0x00000000f4680000,0x00000000f6300000)
 ParOldGen       total 65536K, used 43107K [0x00000000c0000000, 0x00000000c4000000, 0x00000000eab00000)
  object space 65536K, 65% used [0x00000000c0000000,0x00000000c2a18e40,0x00000000c4000000)
 Metaspace       used 54416K, capacity 55604K, committed 55808K, reserved 1097728K
  class space    used 7326K, capacity 7659K, committed 7680K, reserved 1048576K
Event: 56.277 GC heap after
Heap after GC invocations=21 (full 3):
 PSYoungGen      total 187392K, used 0K [0x00000000eab00000, 0x00000000f8080000, 0x0000000100000000)
  eden space 159232K, 0% used [0x00000000eab00000,0x00000000eab00000,0x00000000f4680000)
  from space 28160K, 0% used [0x00000000f6300000,0x00000000f6300000,0x00000000f7e80000)
  to   space 29184K, 0% used [0x00000000f4680000,0x00000000f4680000,0x00000000f6300000)
 ParOldGen       total 65536K, used 41925K [0x00000000c0000000, 0x00000000c4000000, 0x00000000eab00000)
  object space 65536K, 63% used [0x00000000c0000000,0x00000000c28f1658,0x00000000c4000000)
 Metaspace       used 54416K, capacity 55604K, committed 55808K, reserved 1097728K
  class space    used 7326K, capacity 7659K, committed 7680K, reserved 1048576K
}
Event: 144.483 GC heap before
{Heap before GC invocations=22 (full 3):
 PSYoungGen      total 187392K, used 159232K [0x00000000eab00000, 0x00000000f8080000, 0x0000000100000000)
  eden space 159232K, 100% used [0x00000000eab00000,0x00000000f4680000,0x00000000f4680000)
  from space 28160K, 0% used [0x00000000f6300000,0x00000000f6300000,0x00000000f7e80000)
  to   space 29184K, 0% used [0x00000000f4680000,0x00000000f4680000,0x00000000f6300000)
 ParOldGen       total 65536K, used 41925K [0x00000000c0000000, 0x00000000c4000000, 0x00000000eab00000)
  object space 65536K, 63% used [0x00000000c0000000,0x00000000c28f1658,0x00000000c4000000)
 Metaspace       used 55096K, capacity 56482K, committed 56704K, reserved 1097728K
  class space    used 7373K, capacity 7724K, committed 7808K, reserved 1048576K
Event: 144.519 GC heap after
Heap after GC invocations=22 (full 3):
 PSYoungGen      total 188416K, used 7568K [0x00000000eab00000, 0x00000000f8a00000, 0x0000000100000000)
  eden space 159232K, 0% used [0x00000000eab00000,0x00000000eab00000,0x00000000f4680000)
  from space 29184K, 25% used [0x00000000f4680000,0x00000000f4de4010,0x00000000f6300000)
  to   space 28672K, 0% used [0x00000000f6e00000,0x00000000f6e00000,0x00000000f8a00000)
 ParOldGen       total 65536K, used 41933K [0x00000000c0000000, 0x00000000c4000000, 0x00000000eab00000)
  object space 65536K, 63% used [0x00000000c0000000,0x00000000c28f3658,0x00000000c4000000)
 Metaspace       used 55096K, capacity 56482K, committed 56704K, reserved 1097728K
  class space    used 7373K, capacity 7724K, committed 7808K, reserved 1048576K
}

