# JRE version: Java(TM) SE Runtime Environment (8.0_40-b26) (build 1.8.0_40-b26)
# Java VM: Java HotSpot(TM) 64-Bit Server VM (25.40-b25 mixed mode windows-amd64 compressed oops)
Heap:
 PSYoungGen      total 116224K, used 50893K [0x00000000eab00000, 0x00000000f2c00000, 0x0000000100000000)
  eden space 104960K, 39% used [0x00000000eab00000,0x00000000ed3834f0,0x00000000f1180000)
  from space 11264K, 83% used [0x00000000f1e00000,0x00000000f27302c0,0x00000000f2900000)
  to   space 12800K, 0% used [0x00000000f1180000,0x00000000f1180000,0x00000000f1e00000)
 ParOldGen       total 35840K, used 18790K [0x00000000c0000000, 0x00000000c2300000, 0x00000000eab00000)
  object space 35840K, 52% used [0x00000000c0000000,0x00000000c1259be8,0x00000000c2300000)
 Metaspace       used 6353K, capacity 7192K, committed 7424K, reserved 1056768K
  class space    used 615K, capacity 656K, committed 768K, reserved 1048576K
GC Heap History (10 events):
Event: 2.253 GC heap before
{Heap before GC invocations=2 (full 0):
 PSYoungGen      total 15360K, used 15350K [0x00000000eab00000, 0x00000000ec900000, 0x0000000100000000)
  eden space 13312K, 100% used [0x00000000eab00000,0x00000000eb800000,0x00000000eb800000)
  from space 2048K, 99% used [0x00000000eb800000,0x00000000eb9fd8a8,0x00000000eba00000)
  to   space 2048K, 0% used [0x00000000ec700000,0x00000000ec700000,0x00000000ec900000)
 ParOldGen       total 35840K, used 406K [0x00000000c0000000, 0x00000000c2300000, 0x00000000eab00000)
  object space 35840K, 1% used [0x00000000c0000000,0x00000000c0065978,0x00000000c2300000)
 Metaspace       used 5710K, capacity 6704K, committed 6784K, reserved 1056768K
  class space    used 592K, capacity 616K, committed 640K, reserved 1048576K
Event: 2.303 GC heap after
Heap after GC invocations=2 (full 0):
 PSYoungGen      total 28672K, used 2024K [0x00000000eab00000, 0x00000000ec900000, 0x0000000100000000)
  eden space 26624K, 0% used [0x00000000eab00000,0x00000000eab00000,0x00000000ec500000)
  from space 2048K, 98% used [0x00000000ec700000,0x00000000ec8fa2e8,0x00000000ec900000)
  to   space 2048K, 0% used [0x00000000ec500000,0x00000000ec500000,0x00000000ec700000)
 ParOldGen       total 35840K, used 2235K [0x00000000c0000000, 0x00000000c2300000, 0x00000000eab00000)
  object space 35840K, 6% used [0x00000000c0000000,0x00000000c022ec08,0x00000000c2300000)
 Metaspace       used 5710K, capacity 6704K, committed 6784K, reserved 1056768K
  class space    used 592K, capacity 616K, committed 640K, reserved 1048576K
}
Event: 3.746 GC heap before
{Heap before GC invocations=3 (full 0):
 PSYoungGen      total 28672K, used 28648K [0x00000000eab00000, 0x00000000ec900000, 0x0000000100000000)
  eden space 26624K, 100% used [0x00000000eab00000,0x00000000ec500000,0x00000000ec500000)
  from space 2048K, 98% used [0x00000000ec700000,0x00000000ec8fa2e8,0x00000000ec900000)
  to   space 2048K, 0% used [0x00000000ec500000,0x00000000ec500000,0x00000000ec700000)
 ParOldGen       total 35840K, used 2235K [0x00000000c0000000, 0x00000000c2300000, 0x00000000eab00000)
  object space 35840K, 6% used [0x00000000c0000000,0x00000000c022ec08,0x00000000c2300000)
 Metaspace       used 6088K, capacity 7024K, committed 7296K, reserved 1056768K
  class space    used 592K, capacity 616K, committed 640K, reserved 1048576K
Event: 3.848 GC heap after
Heap after GC invocations=3 (full 0):
 PSYoungGen      total 28672K, used 2022K [0x00000000eab00000, 0x00000000ee300000, 0x0000000100000000)
  eden space 26624K, 0% used [0x00000000eab00000,0x00000000eab00000,0x00000000ec500000)
  from space 2048K, 98% used [0x00000000ec500000,0x00000000ec6f9b30,0x00000000ec700000)
  to   space 2048K, 0% used [0x00000000ee100000,0x00000000ee100000,0x00000000ee300000)
 ParOldGen       total 35840K, used 6129K [0x00000000c0000000, 0x00000000c2300000, 0x00000000eab00000)
  object space 35840K, 17% used [0x00000000c0000000,0x00000000c05fc490,0x00000000c2300000)
 Metaspace       used 6088K, capacity 7024K, committed 7296K, reserved 1056768K
  class space    used 592K, capacity 616K, committed 640K, reserved 1048576K
}
Event: 7.771 GC heap before
{Heap before GC invocations=4 (full 0):
 PSYoungGen      total 28672K, used 28646K [0x00000000eab00000, 0x00000000ee300000, 0x0000000100000000)
  eden space 26624K, 100% used [0x00000000eab00000,0x00000000ec500000,0x00000000ec500000)
  from space 2048K, 98% used [0x00000000ec500000,0x00000000ec6f9b30,0x00000000ec700000)
  to   space 2048K, 0% used [0x00000000ee100000,0x00000000ee100000,0x00000000ee300000)
 ParOldGen       total 35840K, used 6129K [0x00000000c0000000, 0x00000000c2300000, 0x00000000eab00000)
  object space 35840K, 17% used [0x00000000c0000000,0x00000000c05fc490,0x00000000c2300000)
 Metaspace       used 6160K, capacity 7088K, committed 7296K, reserved 1056768K
  class space    used 593K, capacity 616K, committed 640K, reserved 1048576K
Event: 8.039 GC heap after
Heap after GC invocations=4 (full 0):
 PSYoungGen      total 55296K, used 2020K [0x00000000eab00000, 0x00000000ee300000, 0x0000000100000000)
  eden space 53248K, 0% used [0x00000000eab00000,0x00000000eab00000,0x00000000edf00000)
  from space 2048K, 98% used [0x00000000ee100000,0x00000000ee2f93c8,0x00000000ee300000)
  to   space 2048K, 0% used [0x00000000edf00000,0x00000000edf00000,0x00000000ee100000)
 ParOldGen       total 35840K, used 10286K [0x00000000c0000000, 0x00000000c2300000, 0x00000000eab00000)
  object space 35840K, 28% used [0x00000000c0000000,0x00000000c0a0b808,0x00000000c2300000)
 Metaspace       used 6160K, capacity 7088K, committed 7296K, reserved 1056768K
  class space    used 593K, capacity 616K, committed 640K, reserved 1048576K
}
Event: 12.299 GC heap before
{Heap before GC invocations=5 (full 0):
 PSYoungGen      total 55296K, used 55268K [0x00000000eab00000, 0x00000000ee300000, 0x0000000100000000)
  eden space 53248K, 100% used [0x00000000eab00000,0x00000000edf00000,0x00000000edf00000)
  from space 2048K, 98% used [0x00000000ee100000,0x00000000ee2f93c8,0x00000000ee300000)
  to   space 2048K, 0% used [0x00000000edf00000,0x00000000edf00000,0x00000000ee100000)
 ParOldGen       total 35840K, used 10286K [0x00000000c0000000, 0x00000000c2300000, 0x00000000eab00000)
  object space 35840K, 28% used [0x00000000c0000000,0x00000000c0a0b808,0x00000000c2300000)
 Metaspace       used 6230K, capacity 7152K, committed 7296K, reserved 1056768K
  class space    used 594K, capacity 616K, committed 640K, reserved 1048576K
Event: 12.400 GC heap after
Heap after GC invocations=5 (full 0):
 PSYoungGen      total 55296K, used 2033K [0x00000000eab00000, 0x00000000f2900000, 0x0000000100000000)
  eden space 53248K, 0% used [0x00000000eab00000,0x00000000eab00000,0x00000000edf00000)
  from space 2048K, 99% used [0x00000000edf00000,0x00000000ee0fc4a8,0x00000000ee100000)
  to   space 11264K, 0% used [0x00000000f1e00000,0x00000000f1e00000,0x00000000f2900000)
 ParOldGen       total 35840K, used 18790K [0x00000000c0000000, 0x00000000c2300000, 0x00000000eab00000)
  object space 35840K, 52% used [0x00000000c0000000,0x00000000c1259be8,0x00000000c2300000)
 Metaspace       used 6230K, capacity 7152K, committed 7296K, reserved 1056768K
  class space    used 594K, capacity 616K, committed 640K, reserved 1048576K
}
Event: 16.924 GC heap before
{Heap before GC invocations=6 (full 0):
 PSYoungGen      total 55296K, used 55281K [0x00000000eab00000, 0x00000000f2900000, 0x0000000100000000)
  eden space 53248K, 100% used [0x00000000eab00000,0x00000000edf00000,0x00000000edf00000)
  from space 2048K, 99% used [0x00000000edf00000,0x00000000ee0fc4a8,0x00000000ee100000)
  to   space 11264K, 0% used [0x00000000f1e00000,0x00000000f1e00000,0x00000000f2900000)
 ParOldGen       total 35840K, used 18790K [0x00000000c0000000, 0x00000000c2300000, 0x00000000eab00000)
  object space 35840K, 52% used [0x00000000c0000000,0x00000000c1259be8,0x00000000c2300000)
 Metaspace       used 6337K, capacity 7192K, committed 7424K, reserved 1056768K
  class space    used 615K, capacity 656K, committed 768K, reserved 1048576K
Event: 17.001 GC heap after
Heap after GC invocations=6 (full 0):
 PSYoungGen      total 116224K, used 9408K [0x00000000eab00000, 0x00000000f2c00000, 0x0000000100000000)
  eden space 104960K, 0% used [0x00000000eab00000,0x00000000eab00000,0x00000000f1180000)
  from space 11264K, 83% used [0x00000000f1e00000,0x00000000f27302c0,0x00000000f2900000)
  to   space 12800K, 0% used [0x00000000f1180000,0x00000000f1180000,0x00000000f1e00000)
 ParOldGen       total 35840K, used 18790K [0x00000000c0000000, 0x00000000c2300000, 0x00000000eab00000)
  object space 35840K, 52% used [0x00000000c0000000,0x00000000c1259be8,0x00000000c2300000)
 Metaspace       used 6337K, capacity 7192K, committed 7424K, reserved 1056768K
  class space    used 615K, capacity 656K, committed 768K, reserved 1048576K
}

